# JRE version: OpenJDK Runtime Environment (8.0_202-b03) (build 1.8.0_202-release-1483-b03)
# Java VM: OpenJDK 64-Bit Server VM (25.202-b03 mixed mode windows-amd64 compressed oops)
Heap:
 PSYoungGen      total 139776K, used 33546K [0x00000000f5580000, 0x00000000ffc80000, 0x0000000100000000)
  eden space 129024K, 17% used [0x00000000f5580000,0x00000000f6bc4b20,0x00000000fd380000)
  from space 10752K, 99% used [0x00000000fd380000,0x00000000fddfe028,0x00000000fde00000)
  to   space 14848K, 0% used [0x00000000fee00000,0x00000000fee00000,0x00000000ffc80000)
 ParOldGen       total 175104K, used 13227K [0x00000000e0000000, 0x00000000eab00000, 0x00000000f5580000)
  object space 175104K, 7% used [0x00000000e0000000,0x00000000e0ceacf8,0x00000000eab00000)
 Metaspace       used 34323K, capacity 35234K, committed 35496K, reserved 1079296K
  class space    used 4725K, capacity 5017K, committed 5120K, reserved 1048576K
GC Heap History (10 events):
Event: 1.442 GC heap before
{Heap before GC invocations=2 (full 0):
 PSYoungGen      total 76288K, used 71961K [0x00000000f5580000, 0x00000000faa80000, 0x0000000100000000)
  eden space 65536K, 100% used [0x00000000f5580000,0x00000000f9580000,0x00000000f9580000)
  from space 10752K, 59% used [0x00000000f9580000,0x00000000f9bc6430,0x00000000fa000000)
  to   space 10752K, 0% used [0x00000000fa000000,0x00000000fa000000,0x00000000faa80000)
 ParOldGen       total 175104K, used 16K [0x00000000e0000000, 0x00000000eab00000, 0x00000000f5580000)
  object space 175104K, 0% used [0x00000000e0000000,0x00000000e0004000,0x00000000eab00000)
 Metaspace       used 15000K, capacity 15416K, committed 15616K, reserved 1062912K
  class space    used 2127K, capacity 2268K, committed 2304K, reserved 1048576K
Event: 1.449 GC heap after
Heap after GC invocations=2 (full 0):
 PSYoungGen      total 76288K, used 9792K [0x00000000f5580000, 0x00000000faa80000, 0x0000000100000000)
  eden space 65536K, 0% used [0x00000000f5580000,0x00000000f5580000,0x00000000f9580000)
  from space 10752K, 91% used [0x00000000fa000000,0x00000000fa990370,0x00000000faa80000)
  to   space 10752K, 0% used [0x00000000f9580000,0x00000000f9580000,0x00000000fa000000)
 ParOldGen       total 175104K, used 24K [0x00000000e0000000, 0x00000000eab00000, 0x00000000f5580000)
  object space 175104K, 0% used [0x00000000e0000000,0x00000000e0006000,0x00000000eab00000)
 Metaspace       used 15000K, capacity 15416K, committed 15616K, reserved 1062912K
  class space    used 2127K, capacity 2268K, committed 2304K, reserved 1048576K
}
Event: 1.857 GC heap before
{Heap before GC invocations=3 (full 0):
 PSYoungGen      total 76288K, used 64644K [0x00000000f5580000, 0x00000000faa80000, 0x0000000100000000)
  eden space 65536K, 83% used [0x00000000f5580000,0x00000000f8b10d28,0x00000000f9580000)
  from space 10752K, 91% used [0x00000000fa000000,0x00000000fa990370,0x00000000faa80000)
  to   space 10752K, 0% used [0x00000000f9580000,0x00000000f9580000,0x00000000fa000000)
 ParOldGen       total 175104K, used 24K [0x00000000e0000000, 0x00000000eab00000, 0x00000000f5580000)
  object space 175104K, 0% used [0x00000000e0000000,0x00000000e0006000,0x00000000eab00000)
 Metaspace       used 20595K, capacity 21158K, committed 21296K, reserved 1067008K
  class space    used 2904K, capacity 3123K, committed 3200K, reserved 1048576K
Event: 1.865 GC heap after
Heap after GC invocations=3 (full 0):
 PSYoungGen      total 76288K, used 10728K [0x00000000f5580000, 0x00000000fea80000, 0x0000000100000000)
  eden space 65536K, 0% used [0x00000000f5580000,0x00000000f5580000,0x00000000f9580000)
  from space 10752K, 99% used [0x00000000f9580000,0x00000000f9ffa010,0x00000000fa000000)
  to   space 10752K, 0% used [0x00000000fe000000,0x00000000fe000000,0x00000000fea80000)
 ParOldGen       total 175104K, used 746K [0x00000000e0000000, 0x00000000eab00000, 0x00000000f5580000)
  object space 175104K, 0% used [0x00000000e0000000,0x00000000e00ba9a0,0x00000000eab00000)
 Metaspace       used 20595K, capacity 21158K, committed 21296K, reserved 1067008K
  class space    used 2904K, capacity 3123K, committed 3200K, reserved 1048576K
}
Event: 1.865 GC heap before
{Heap before GC invocations=4 (full 1):
 PSYoungGen      total 76288K, used 10728K [0x00000000f5580000, 0x00000000fea80000, 0x0000000100000000)
  eden space 65536K, 0% used [0x00000000f5580000,0x00000000f5580000,0x00000000f9580000)
  from space 10752K, 99% used [0x00000000f9580000,0x00000000f9ffa010,0x00000000fa000000)
  to   space 10752K, 0% used [0x00000000fe000000,0x00000000fe000000,0x00000000fea80000)
 ParOldGen       total 175104K, used 746K [0x00000000e0000000, 0x00000000eab00000, 0x00000000f5580000)
  object space 175104K, 0% used [0x00000000e0000000,0x00000000e00ba9a0,0x00000000eab00000)
 Metaspace       used 20595K, capacity 21158K, committed 21296K, reserved 1067008K
  class space    used 2904K, capacity 3123K, committed 3200K, reserved 1048576K
Event: 1.888 GC heap after
Heap after GC invocations=4 (full 1):
 PSYoungGen      total 76288K, used 0K [0x00000000f5580000, 0x00000000fea80000, 0x0000000100000000)
  eden space 65536K, 0% used [0x00000000f5580000,0x00000000f5580000,0x00000000f9580000)
  from space 10752K, 0% used [0x00000000f9580000,0x00000000f9580000,0x00000000fa000000)
  to   space 10752K, 0% used [0x00000000fe000000,0x00000000fe000000,0x00000000fea80000)
 ParOldGen       total 175104K, used 10980K [0x00000000e0000000, 0x00000000eab00000, 0x00000000f5580000)
  object space 175104K, 6% used [0x00000000e0000000,0x00000000e0ab9018,0x00000000eab00000)
 Metaspace       used 20595K, capacity 21158K, committed 21296K, reserved 1067008K
  class space    used 2904K, capacity 3123K, committed 3200K, reserved 1048576K
}
Event: 4.098 GC heap before
{Heap before GC invocations=5 (full 1):
 PSYoungGen      total 76288K, used 65536K [0x00000000f5580000, 0x00000000fea80000, 0x0000000100000000)
  eden space 65536K, 100% used [0x00000000f5580000,0x00000000f9580000,0x00000000f9580000)
  from space 10752K, 0% used [0x00000000f9580000,0x00000000f9580000,0x00000000fa000000)
  to   space 10752K, 0% used [0x00000000fe000000,0x00000000fe000000,0x00000000fea80000)
 ParOldGen       total 175104K, used 10980K [0x00000000e0000000, 0x00000000eab00000, 0x00000000f5580000)
  object space 175104K, 6% used [0x00000000e0000000,0x00000000e0ab9018,0x00000000eab00000)
 Metaspace       used 27924K, capacity 28618K, committed 28800K, reserved 1075200K
  class space    used 3719K, capacity 3938K, committed 3968K, reserved 1048576K
Event: 4.104 GC heap after
Heap after GC invocations=5 (full 1):
 PSYoungGen      total 102912K, used 8457K [0x00000000f5580000, 0x00000000fe880000, 0x0000000100000000)
  eden space 94208K, 0% used [0x00000000f5580000,0x00000000f5580000,0x00000000fb180000)
  from space 8704K, 97% used [0x00000000fe000000,0x00000000fe842600,0x00000000fe880000)
  to   space 10752K, 0% used [0x00000000fd380000,0x00000000fd380000,0x00000000fde00000)
 ParOldGen       total 175104K, used 10988K [0x00000000e0000000, 0x00000000eab00000, 0x00000000f5580000)
  object space 175104K, 6% used [0x00000000e0000000,0x00000000e0abb018,0x00000000eab00000)
 Metaspace       used 27924K, capacity 28618K, committed 28800K, reserved 1075200K
  class space    used 3719K, capacity 3938K, committed 3968K, reserved 1048576K
}
Event: 4.668 GC heap before
{Heap before GC invocations=6 (full 1):
 PSYoungGen      total 102912K, used 102665K [0x00000000f5580000, 0x00000000fe880000, 0x0000000100000000)
  eden space 94208K, 100% used [0x00000000f5580000,0x00000000fb180000,0x00000000fb180000)
  from space 8704K, 97% used [0x00000000fe000000,0x00000000fe842600,0x00000000fe880000)
  to   space 10752K, 0% used [0x00000000fd380000,0x00000000fd380000,0x00000000fde00000)
 ParOldGen       total 175104K, used 10988K [0x00000000e0000000, 0x00000000eab00000, 0x00000000f5580000)
  object space 175104K, 6% used [0x00000000e0000000,0x00000000e0abb018,0x00000000eab00000)
 Metaspace       used 32997K, capacity 33830K, committed 34048K, reserved 1079296K
  class space    used 4543K, capacity 4819K, committed 4864K, reserved 1048576K
Event: 4.680 GC heap after
Heap after GC invocations=6 (full 1):
 PSYoungGen      total 139776K, used 10744K [0x00000000f5580000, 0x00000000ffc80000, 0x0000000100000000)
  eden space 129024K, 0% used [0x00000000f5580000,0x00000000f5580000,0x00000000fd380000)
  from space 10752K, 99% used [0x00000000fd380000,0x00000000fddfe028,0x00000000fde00000)
  to   space 14848K, 0% used [0x00000000fee00000,0x00000000fee00000,0x00000000ffc80000)
 ParOldGen       total 175104K, used 13227K [0x00000000e0000000, 0x00000000eab00000, 0x00000000f5580000)
  object space 175104K, 7% used [0x00000000e0000000,0x00000000e0ceacf8,0x00000000eab00000)
 Metaspace       used 32997K, capacity 33830K, committed 34048K, reserved 1079296K
  class space    used 4543K, capacity 4819K, committed 4864K, reserved 1048576K
}

