# JRE version: OpenJDK Runtime Environment (8.0_202-b03) (build 1.8.0_202-release-1483-b03)
# Java VM: OpenJDK 64-Bit Server VM (25.202-b03 mixed mode windows-amd64 compressed oops)
Heap:
 PSYoungGen      total 159744K, used 52696K [0x00000000f5580000, 0x0000000100000000, 0x0000000100000000)
  eden space 145408K, 26% used [0x00000000f5580000,0x00000000f7afc9c0,0x00000000fe380000)
  from space 14336K, 99% used [0x00000000fe380000,0x00000000ff179900,0x00000000ff180000)
  to   space 14848K, 0% used [0x00000000ff180000,0x00000000ff180000,0x0000000100000000)
 ParOldGen       total 175104K, used 19689K [0x00000000e0000000, 0x00000000eab00000, 0x00000000f5580000)
  object space 175104K, 11% used [0x00000000e0000000,0x00000000e133a508,0x00000000eab00000)
 Metaspace       used 47301K, capacity 48972K, committed 49200K, reserved 1091584K
  class space    used 6405K, capacity 6880K, committed 6960K, reserved 1048576K
GC Heap History (10 events):
Event: 4.608 GC heap before
{Heap before GC invocations=5 (full 1):
 PSYoungGen      total 76288K, used 65536K [0x00000000f5580000, 0x00000000fea80000, 0x0000000100000000)
  eden space 65536K, 100% used [0x00000000f5580000,0x00000000f9580000,0x00000000f9580000)
  from space 10752K, 0% used [0x00000000f9580000,0x00000000f9580000,0x00000000fa000000)
  to   space 10752K, 0% used [0x00000000fe000000,0x00000000fe000000,0x00000000fea80000)
 ParOldGen       total 175104K, used 11027K [0x00000000e0000000, 0x00000000eab00000, 0x00000000f5580000)
  object space 175104K, 6% used [0x00000000e0000000,0x00000000e0ac4db0,0x00000000eab00000)
 Metaspace       used 27958K, capacity 28622K, committed 28848K, reserved 1075200K
  class space    used 3726K, capacity 3938K, committed 4016K, reserved 1048576K
Event: 4.614 GC heap after
Heap after GC invocations=5 (full 1):
 PSYoungGen      total 105984K, used 8478K [0x00000000f5580000, 0x00000000fe880000, 0x0000000100000000)
  eden space 97280K, 0% used [0x00000000f5580000,0x00000000f5580000,0x00000000fb480000)
  from space 8704K, 97% used [0x00000000fe000000,0x00000000fe847a58,0x00000000fe880000)
  to   space 10752K, 0% used [0x00000000fd380000,0x00000000fd380000,0x00000000fde00000)
 ParOldGen       total 175104K, used 11035K [0x00000000e0000000, 0x00000000eab00000, 0x00000000f5580000)
  object space 175104K, 6% used [0x00000000e0000000,0x00000000e0ac6db0,0x00000000eab00000)
 Metaspace       used 27958K, capacity 28622K, committed 28848K, reserved 1075200K
  class space    used 3726K, capacity 3938K, committed 4016K, reserved 1048576K
}
Event: 5.169 GC heap before
{Heap before GC invocations=6 (full 1):
 PSYoungGen      total 105984K, used 105758K [0x00000000f5580000, 0x00000000fe880000, 0x0000000100000000)
  eden space 97280K, 100% used [0x00000000f5580000,0x00000000fb480000,0x00000000fb480000)
  from space 8704K, 97% used [0x00000000fe000000,0x00000000fe847a58,0x00000000fe880000)
  to   space 10752K, 0% used [0x00000000fd380000,0x00000000fd380000,0x00000000fde00000)
 ParOldGen       total 175104K, used 11035K [0x00000000e0000000, 0x00000000eab00000, 0x00000000f5580000)
  object space 175104K, 6% used [0x00000000e0000000,0x00000000e0ac6db0,0x00000000eab00000)
 Metaspace       used 33153K, capacity 33930K, committed 34096K, reserved 1079296K
  class space    used 4573K, capacity 4851K, committed 4912K, reserved 1048576K
Event: 5.179 GC heap after
Heap after GC invocations=6 (full 1):
 PSYoungGen      total 139776K, used 10740K [0x00000000f5580000, 0x0000000100000000, 0x0000000100000000)
  eden space 129024K, 0% used [0x00000000f5580000,0x00000000f5580000,0x00000000fd380000)
  from space 10752K, 99% used [0x00000000fd380000,0x00000000fddfd168,0x00000000fde00000)
  to   space 14848K, 0% used [0x00000000ff180000,0x00000000ff180000,0x0000000100000000)
 ParOldGen       total 175104K, used 13534K [0x00000000e0000000, 0x00000000eab00000, 0x00000000f5580000)
  object space 175104K, 7% used [0x00000000e0000000,0x00000000e0d37860,0x00000000eab00000)
 Metaspace       used 33153K, capacity 33930K, committed 34096K, reserved 1079296K
  class space    used 4573K, capacity 4851K, committed 4912K, reserved 1048576K
}
Event: 5.355 GC heap before
{Heap before GC invocations=7 (full 1):
 PSYoungGen      total 139776K, used 31052K [0x00000000f5580000, 0x0000000100000000, 0x0000000100000000)
  eden space 129024K, 15% used [0x00000000f5580000,0x00000000f6956280,0x00000000fd380000)
  from space 10752K, 99% used [0x00000000fd380000,0x00000000fddfd168,0x00000000fde00000)
  to   space 14848K, 0% used [0x00000000ff180000,0x00000000ff180000,0x0000000100000000)
 ParOldGen       total 175104K, used 13534K [0x00000000e0000000, 0x00000000eab00000, 0x00000000f5580000)
  object space 175104K, 7% used [0x00000000e0000000,0x00000000e0d37860,0x00000000eab00000)
 Metaspace       used 34475K, capacity 35386K, committed 35496K, reserved 1079296K
  class space    used 4744K, capacity 5023K, committed 5040K, reserved 1048576K
Event: 5.362 GC heap after
Heap after GC invocations=7 (full 1):
 PSYoungGen      total 160256K, used 9961K [0x00000000f5580000, 0x0000000100000000, 0x0000000100000000)
  eden space 145408K, 0% used [0x00000000f5580000,0x00000000f5580000,0x00000000fe380000)
  from space 14848K, 67% used [0x00000000ff180000,0x00000000ffb3a478,0x0000000100000000)
  to   space 14336K, 0% used [0x00000000fe380000,0x00000000fe380000,0x00000000ff180000)
 ParOldGen       total 175104K, used 13542K [0x00000000e0000000, 0x00000000eab00000, 0x00000000f5580000)
  object space 175104K, 7% used [0x00000000e0000000,0x00000000e0d39860,0x00000000eab00000)
 Metaspace       used 34475K, capacity 35386K, committed 35496K, reserved 1079296K
  class space    used 4744K, capacity 5023K, committed 5040K, reserved 1048576K
}
Event: 5.362 GC heap before
{Heap before GC invocations=8 (full 2):
 PSYoungGen      total 160256K, used 9961K [0x00000000f5580000, 0x0000000100000000, 0x0000000100000000)
  eden space 145408K, 0% used [0x00000000f5580000,0x00000000f5580000,0x00000000fe380000)
  from space 14848K, 67% used [0x00000000ff180000,0x00000000ffb3a478,0x0000000100000000)
  to   space 14336K, 0% used [0x00000000fe380000,0x00000000fe380000,0x00000000ff180000)
 ParOldGen       total 175104K, used 13542K [0x00000000e0000000, 0x00000000eab00000, 0x00000000f5580000)
  object space 175104K, 7% used [0x00000000e0000000,0x00000000e0d39860,0x00000000eab00000)
 Metaspace       used 34475K, capacity 35386K, committed 35496K, reserved 1079296K
  class space    used 4744K, capacity 5023K, committed 5040K, reserved 1048576K
Event: 5.400 GC heap after
Heap after GC invocations=8 (full 2):
 PSYoungGen      total 160256K, used 0K [0x00000000f5580000, 0x0000000100000000, 0x0000000100000000)
  eden space 145408K, 0% used [0x00000000f5580000,0x00000000f5580000,0x00000000fe380000)
  from space 14848K, 0% used [0x00000000ff180000,0x00000000ff180000,0x0000000100000000)
  to   space 14336K, 0% used [0x00000000fe380000,0x00000000fe380000,0x00000000ff180000)
 ParOldGen       total 175104K, used 17180K [0x00000000e0000000, 0x00000000eab00000, 0x00000000f5580000)
  object space 175104K, 9% used [0x00000000e0000000,0x00000000e10c72a0,0x00000000eab00000)
 Metaspace       used 34475K, capacity 35386K, committed 35496K, reserved 1079296K
  class space    used 4744K, capacity 5023K, committed 5040K, reserved 1048576K
}
Event: 6.518 GC heap before
{Heap before GC invocations=9 (full 2):
 PSYoungGen      total 160256K, used 145408K [0x00000000f5580000, 0x0000000100000000, 0x0000000100000000)
  eden space 145408K, 100% used [0x00000000f5580000,0x00000000fe380000,0x00000000fe380000)
  from space 14848K, 0% used [0x00000000ff180000,0x00000000ff180000,0x0000000100000000)
  to   space 14336K, 0% used [0x00000000fe380000,0x00000000fe380000,0x00000000ff180000)
 ParOldGen       total 175104K, used 17180K [0x00000000e0000000, 0x00000000eab00000, 0x00000000f5580000)
  object space 175104K, 9% used [0x00000000e0000000,0x00000000e10c72a0,0x00000000eab00000)
 Metaspace       used 46067K, capacity 47690K, committed 47920K, reserved 1091584K
  class space    used 6232K, capacity 6696K, committed 6704K, reserved 1048576K
Event: 6.530 GC heap after
Heap after GC invocations=9 (full 2):
 PSYoungGen      total 159744K, used 14310K [0x00000000f5580000, 0x0000000100000000, 0x0000000100000000)
  eden space 145408K, 0% used [0x00000000f5580000,0x00000000f5580000,0x00000000fe380000)
  from space 14336K, 99% used [0x00000000fe380000,0x00000000ff179900,0x00000000ff180000)
  to   space 14848K, 0% used [0x00000000ff180000,0x00000000ff180000,0x0000000100000000)
 ParOldGen       total 175104K, used 19689K [0x00000000e0000000, 0x00000000eab00000, 0x00000000f5580000)
  object space 175104K, 11% used [0x00000000e0000000,0x00000000e133a508,0x00000000eab00000)
 Metaspace       used 46067K, capacity 47690K, committed 47920K, reserved 1091584K
  class space    used 6232K, capacity 6696K, committed 6704K, reserved 1048576K
}

