# JRE version: Java(TM) SE Runtime Environment (8.0_221-b11) (build 1.8.0_221-b11)
# Java VM: Java HotSpot(TM) 64-Bit Server VM (25.221-b11 mixed mode windows-amd64 compressed oops)
Heap:
 PSYoungGen      total 109056K, used 82847K [0x00000000f5580000, 0x0000000100000000, 0x0000000100000000)
  eden space 95744K, 73% used [0x00000000f5580000,0x00000000f9a1f4d0,0x00000000fb300000)
  from space 13312K, 94% used [0x00000000fb300000,0x00000000fbf487a8,0x00000000fc000000)
  to   space 14336K, 0% used [0x00000000ff200000,0x00000000ff200000,0x0000000100000000)
 ParOldGen       total 175104K, used 18099K [0x00000000e0000000, 0x00000000eab00000, 0x00000000f5580000)
  object space 175104K, 10% used [0x00000000e0000000,0x00000000e11acd60,0x00000000eab00000)
 Metaspace       used 46550K, capacity 47944K, committed 48088K, reserved 1091584K
  class space    used 6427K, capacity 6831K, committed 6872K, reserved 1048576K
GC Heap History (10 events):
Event: 5.640 GC heap before
{Heap before GC invocations=5 (full 1):
 PSYoungGen      total 76288K, used 65536K [0x00000000f5580000, 0x00000000faa80000, 0x0000000100000000)
  eden space 65536K, 100% used [0x00000000f5580000,0x00000000f9580000,0x00000000f9580000)
  from space 10752K, 0% used [0x00000000f9580000,0x00000000f9580000,0x00000000fa000000)
  to   space 10752K, 0% used [0x00000000fa000000,0x00000000fa000000,0x00000000faa80000)
 ParOldGen       total 175104K, used 10823K [0x00000000e0000000, 0x00000000eab00000, 0x00000000f5580000)
  object space 175104K, 6% used [0x00000000e0000000,0x00000000e0a91f78,0x00000000eab00000)
 Metaspace       used 27628K, capacity 28084K, committed 28288K, reserved 1073152K
  class space    used 3755K, capacity 3913K, committed 3968K, reserved 1048576K
Event: 5.645 GC heap after
Heap after GC invocations=5 (full 1):
 PSYoungGen      total 76288K, used 8111K [0x00000000f5580000, 0x00000000fc500000, 0x0000000100000000)
  eden space 65536K, 0% used [0x00000000f5580000,0x00000000f5580000,0x00000000f9580000)
  from space 10752K, 75% used [0x00000000fa000000,0x00000000fa7ebdc0,0x00000000faa80000)
  to   space 10752K, 0% used [0x00000000f9580000,0x00000000f9580000,0x00000000fa000000)
 ParOldGen       total 175104K, used 10831K [0x00000000e0000000, 0x00000000eab00000, 0x00000000f5580000)
  object space 175104K, 6% used [0x00000000e0000000,0x00000000e0a93f78,0x00000000eab00000)
 Metaspace       used 27628K, capacity 28084K, committed 28288K, reserved 1073152K
  class space    used 3755K, capacity 3913K, committed 3968K, reserved 1048576K
}
Event: 6.059 GC heap before
{Heap before GC invocations=6 (full 1):
 PSYoungGen      total 76288K, used 73647K [0x00000000f5580000, 0x00000000fc500000, 0x0000000100000000)
  eden space 65536K, 100% used [0x00000000f5580000,0x00000000f9580000,0x00000000f9580000)
  from space 10752K, 75% used [0x00000000fa000000,0x00000000fa7ebdc0,0x00000000faa80000)
  to   space 10752K, 0% used [0x00000000f9580000,0x00000000f9580000,0x00000000fa000000)
 ParOldGen       total 175104K, used 10831K [0x00000000e0000000, 0x00000000eab00000, 0x00000000f5580000)
  object space 175104K, 6% used [0x00000000e0000000,0x00000000e0a93f78,0x00000000eab00000)
 Metaspace       used 30923K, capacity 31546K, committed 31744K, reserved 1077248K
  class space    used 4309K, capacity 4533K, committed 4608K, reserved 1048576K
Event: 6.065 GC heap after
Heap after GC invocations=6 (full 1):
 PSYoungGen      total 76288K, used 10017K [0x00000000f5580000, 0x00000000fcc80000, 0x0000000100000000)
  eden space 65536K, 0% used [0x00000000f5580000,0x00000000f5580000,0x00000000f9580000)
  from space 10752K, 93% used [0x00000000f9580000,0x00000000f9f48730,0x00000000fa000000)
  to   space 12800K, 0% used [0x00000000fc000000,0x00000000fc000000,0x00000000fcc80000)
 ParOldGen       total 175104K, used 10839K [0x00000000e0000000, 0x00000000eab00000, 0x00000000f5580000)
  object space 175104K, 6% used [0x00000000e0000000,0x00000000e0a95f78,0x00000000eab00000)
 Metaspace       used 30923K, capacity 31546K, committed 31744K, reserved 1077248K
  class space    used 4309K, capacity 4533K, committed 4608K, reserved 1048576K
}
Event: 6.523 GC heap before
{Heap before GC invocations=7 (full 1):
 PSYoungGen      total 76288K, used 75501K [0x00000000f5580000, 0x00000000fcc80000, 0x0000000100000000)
  eden space 65536K, 99% used [0x00000000f5580000,0x00000000f9573030,0x00000000f9580000)
  from space 10752K, 93% used [0x00000000f9580000,0x00000000f9f48730,0x00000000fa000000)
  to   space 12800K, 0% used [0x00000000fc000000,0x00000000fc000000,0x00000000fcc80000)
 ParOldGen       total 175104K, used 10839K [0x00000000e0000000, 0x00000000eab00000, 0x00000000f5580000)
  object space 175104K, 6% used [0x00000000e0000000,0x00000000e0a95f78,0x00000000eab00000)
 Metaspace       used 34391K, capacity 35330K, committed 35416K, reserved 1079296K
  class space    used 4849K, capacity 5123K, committed 5208K, reserved 1048576K
Event: 6.533 GC heap after
Heap after GC invocations=7 (full 1):
 PSYoungGen      total 108544K, used 11171K [0x00000000f5580000, 0x00000000fd100000, 0x0000000100000000)
  eden space 95744K, 0% used [0x00000000f5580000,0x00000000f5580000,0x00000000fb300000)
  from space 12800K, 87% used [0x00000000fc000000,0x00000000fcae8c70,0x00000000fcc80000)
  to   space 13312K, 0% used [0x00000000fb300000,0x00000000fb300000,0x00000000fc000000)
 ParOldGen       total 175104K, used 10847K [0x00000000e0000000, 0x00000000eab00000, 0x00000000f5580000)
  object space 175104K, 6% used [0x00000000e0000000,0x00000000e0a97f78,0x00000000eab00000)
 Metaspace       used 34391K, capacity 35330K, committed 35416K, reserved 1079296K
  class space    used 4849K, capacity 5123K, committed 5208K, reserved 1048576K
}
Event: 6.533 GC heap before
{Heap before GC invocations=8 (full 2):
 PSYoungGen      total 108544K, used 11171K [0x00000000f5580000, 0x00000000fd100000, 0x0000000100000000)
  eden space 95744K, 0% used [0x00000000f5580000,0x00000000f5580000,0x00000000fb300000)
  from space 12800K, 87% used [0x00000000fc000000,0x00000000fcae8c70,0x00000000fcc80000)
  to   space 13312K, 0% used [0x00000000fb300000,0x00000000fb300000,0x00000000fc000000)
 ParOldGen       total 175104K, used 10847K [0x00000000e0000000, 0x00000000eab00000, 0x00000000f5580000)
  object space 175104K, 6% used [0x00000000e0000000,0x00000000e0a97f78,0x00000000eab00000)
 Metaspace       used 34391K, capacity 35330K, committed 35416K, reserved 1079296K
  class space    used 4849K, capacity 5123K, committed 5208K, reserved 1048576K
Event: 6.572 GC heap after
Heap after GC invocations=8 (full 2):
 PSYoungGen      total 108544K, used 0K [0x00000000f5580000, 0x00000000fd100000, 0x0000000100000000)
  eden space 95744K, 0% used [0x00000000f5580000,0x00000000f5580000,0x00000000fb300000)
  from space 12800K, 0% used [0x00000000fc000000,0x00000000fc000000,0x00000000fcc80000)
  to   space 13312K, 0% used [0x00000000fb300000,0x00000000fb300000,0x00000000fc000000)
 ParOldGen       total 175104K, used 18091K [0x00000000e0000000, 0x00000000eab00000, 0x00000000f5580000)
  object space 175104K, 10% used [0x00000000e0000000,0x00000000e11aad60,0x00000000eab00000)
 Metaspace       used 34349K, capacity 35192K, committed 35416K, reserved 1079296K
  class space    used 4836K, capacity 5100K, committed 5208K, reserved 1048576K
}
Event: 7.512 GC heap before
{Heap before GC invocations=9 (full 2):
 PSYoungGen      total 108544K, used 95744K [0x00000000f5580000, 0x00000000fd100000, 0x0000000100000000)
  eden space 95744K, 100% used [0x00000000f5580000,0x00000000fb300000,0x00000000fb300000)
  from space 12800K, 0% used [0x00000000fc000000,0x00000000fc000000,0x00000000fcc80000)
  to   space 13312K, 0% used [0x00000000fb300000,0x00000000fb300000,0x00000000fc000000)
 ParOldGen       total 175104K, used 18091K [0x00000000e0000000, 0x00000000eab00000, 0x00000000f5580000)
  object space 175104K, 10% used [0x00000000e0000000,0x00000000e11aad60,0x00000000eab00000)
 Metaspace       used 43446K, capacity 44608K, committed 44760K, reserved 1087488K
  class space    used 6016K, capacity 6352K, committed 6360K, reserved 1048576K
Event: 7.524 GC heap after
Heap after GC invocations=9 (full 2):
 PSYoungGen      total 109056K, used 12577K [0x00000000f5580000, 0x0000000100000000, 0x0000000100000000)
  eden space 95744K, 0% used [0x00000000f5580000,0x00000000f5580000,0x00000000fb300000)
  from space 13312K, 94% used [0x00000000fb300000,0x00000000fbf487a8,0x00000000fc000000)
  to   space 14336K, 0% used [0x00000000ff200000,0x00000000ff200000,0x0000000100000000)
 ParOldGen       total 175104K, used 18099K [0x00000000e0000000, 0x00000000eab00000, 0x00000000f5580000)
  object space 175104K, 10% used [0x00000000e0000000,0x00000000e11acd60,0x00000000eab00000)
 Metaspace       used 43446K, capacity 44608K, committed 44760K, reserved 1087488K
  class space    used 6016K, capacity 6352K, committed 6360K, reserved 1048576K
}

